build_alt/outputs/logs/manifest-merger-debug-report.txt
-- Merging decision tree log ---
manifest
ADDED from src\main\AndroidManifest.xml:2:1-149:12
INJECTED from src\main\AndroidManifest.xml:2:1-149:12
INJECTED from src\main\AndroidManifest.xml:2:1-149:12
INJECTED from src\main\AndroidManifest.xml:2:1-149:12
MERGED from [com.google.android.material:material:1.12.0] AndroidManifest.xml:17:1-24:12
MERGED from [androidx.constraintlayout:constraintlayout:2.1.4] AndroidManifest.xml:2:1-11:12
MERGED from [androidx.appcompat:appcompat-resources:1.7.0] AndroidManifest.xml:2:1-7:12
MERGED from [androidx.appcompat:appcompat:1.7.0] AndroidManifest.xml:2:1-7:12
MERGED from [androidx.viewpager2:viewpager2:1.0.0] AndroidManifest.xml:17:1-24:12
MERGED from [androidx.fragment:fragment:1.5.4] AndroidManifest.xml:17:1-24:12
MERGED from [androidx.activity:activity:1.8.0] AndroidManifest.xml:17:1-22:12
MERGED from [androidx.core:core-ktx:1.13.1] AndroidManifest.xml:2:1-7:12
MERGED from [androidx.emoji2:emoji2-views-helper:1.3.0] AndroidManifest.xml:2:1-7:12
MERGED from [androidx.emoji2:emoji2:1.3.0] AndroidManifest.xml:17:1-35:12
MERGED from [androidx.drawerlayout:drawerlayout:1.1.1] AndroidManifest.xml:17:1-24:12
MERGED from [androidx.coordinatorlayout:coordinatorlayout:1.1.0] AndroidManifest.xml:17:1-24:12
MERGED from [androidx.transition:transition:1.5.0] AndroidManifest.xml:2:1-7:12
MERGED from [androidx.dynamicanimation:dynamicanimation:1.0.0] AndroidManifest.xml:17:1-22:12
MERGED from [androidx.vectordrawable:vectordrawable-animated:1.1.0] AndroidManifest.xml:17:1-24:12
MERGED from [androidx.vectordrawable:vectordrawable:1.1.0] AndroidManifest.xml:17:1-24:12
MERGED from [androidx.legacy:legacy-support-core-utils:1.0.0] AndroidManifest.xml:17:1-22:12
MERGED from [androidx.loader:loader:1.0.0] AndroidManifest.xml:17:1-22:12
MERGED from [androidx.viewpager:viewpager:1.0.0] AndroidManifest.xml:17:1-22:12
MERGED from [androidx.recyclerview:recyclerview:1.1.0] AndroidManifest.xml:17:1-24:12
MERGED from [androidx.customview:customview:1.1.0] AndroidManifest.xml:17:1-24:12
MERGED from [androidx.core:core:1.13.1] AndroidManifest.xml:17:1-30:12
MERGED from [androidx.lifecycle:lifecycle-livedata:2.6.2] AndroidManifest.xml:17:1-22:12
MERGED from [androidx.lifecycle:lifecycle-viewmodel:2.6.2] AndroidManifest.xml:17:1-22:12
MERGED from [androidx.lifecycle:lifecycle-process:2.6.2] AndroidManifest.xml:17:1-35:12
MERGED from [androidx.lifecycle:lifecycle-livedata-core:2.6.2] AndroidManifest.xml:17:1-22:12
MERGED from [androidx.lifecycle:lifecycle-runtime:2.6.2] AndroidManifest.xml:2:1-7:12
MERGED from [androidx.lifecycle:lifecycle-viewmodel-savedstate:2.6.2] AndroidManifest.xml:17:1-22:12
MERGED from [androidx.savedstate:savedstate:1.2.1] AndroidManifest.xml:17:1-22:12
MERGED from [androidx.annotation:annotation-experimental:1.4.0] AndroidManifest.xml:2:1-7:12
MERGED from [androidx.cursoradapter:cursoradapter:1.0.0] AndroidManifest.xml:17:1-22:12
MERGED from [androidx.profileinstaller:profileinstaller:1.3.1] AndroidManifest.xml:17:1-55:12
MERGED from [androidx.cardview:cardview:1.0.0] AndroidManifest.xml:17:1-22:12
MERGED from [androidx.interpolator:interpolator:1.0.0] AndroidManifest.xml:17:1-22:12
MERGED from [androidx.versionedparcelable:versionedparcelable:1.1.1] AndroidManifest.xml:17:1-27:12
MERGED from [androidx.startup:startup-runtime:1.1.1] AndroidManifest.xml:17:1-33:12
MERGED from [androidx.tracing:tracing:1.0.0] AndroidManifest.xml:17:1-24:12
MERGED from [androidx.arch.core:core-runtime:2.2.0] AndroidManifest.xml:17:1-22:12
MERGED from [androidx.documentfile:documentfile:1.0.0] AndroidManifest.xml:17:1-22:12
MERGED from [androidx.localbroadcastmanager:localbroadcastmanager:1.0.0] AndroidManifest.xml:17:1-22:12
MERGED from [androidx.print:print:1.0.0] AndroidManifest.xml:17:1-22:12
	package
		INJECTED from src\main\AndroidManifest.xml
	android:versionName
		INJECTED from src\main\AndroidManifest.xml
	android:versionCode
		INJECTED from src\main\AndroidManifest.xml
	xmlns:android
		ADDED from src\main\AndroidManifest.xml:2:11-69
application
ADDED from src\main\AndroidManifest.xml:4:5-148:19
INJECTED from src\main\AndroidManifest.xml:4:5-148:19
MERGED from [com.google.android.material:material:1.12.0] AndroidManifest.xml:22:5-20
MERGED from [com.google.android.material:material:1.12.0] AndroidManifest.xml:22:5-20
MERGED from [androidx.constraintlayout:constraintlayout:2.1.4] AndroidManifest.xml:9:5-20
MERGED from [androidx.constraintlayout:constraintlayout:2.1.4] AndroidManifest.xml:9:5-20
MERGED from [androidx.emoji2:emoji2:1.3.0] AndroidManifest.xml:23:5-33:19
MERGED from [androidx.emoji2:emoji2:1.3.0] AndroidManifest.xml:23:5-33:19
MERGED from [androidx.core:core:1.13.1] AndroidManifest.xml:28:5-89
MERGED from [androidx.core:core:1.13.1] AndroidManifest.xml:28:5-89
MERGED from [androidx.lifecycle:lifecycle-process:2.6.2] AndroidManifest.xml:23:5-33:19
MERGED from [androidx.lifecycle:lifecycle-process:2.6.2] AndroidManifest.xml:23:5-33:19
MERGED from [androidx.profileinstaller:profileinstaller:1.3.1] AndroidManifest.xml:23:5-53:19
MERGED from [androidx.profileinstaller:profileinstaller:1.3.1] AndroidManifest.xml:23:5-53:19
MERGED from [androidx.versionedparcelable:versionedparcelable:1.1.1] AndroidManifest.xml:24:5-25:19
MERGED from [androidx.versionedparcelable:versionedparcelable:1.1.1] AndroidManifest.xml:24:5-25:19
MERGED from [androidx.startup:startup-runtime:1.1.1] AndroidManifest.xml:25:5-31:19
MERGED from [androidx.startup:startup-runtime:1.1.1] AndroidManifest.xml:25:5-31:19
	android:extractNativeLibs
		INJECTED from src\main\AndroidManifest.xml
	android:appComponentFactory
		ADDED from [androidx.core:core:1.13.1] AndroidManifest.xml:28:18-86
	android:supportsRtl
		ADDED from src\main\AndroidManifest.xml:8:9-35
	android:label
		ADDED from src\main\AndroidManifest.xml:7:9-41
	android:icon
		ADDED from src\main\AndroidManifest.xml:6:9-42
	android:allowBackup
		ADDED from src\main\AndroidManifest.xml:5:9-35
	android:theme
		ADDED from src\main\AndroidManifest.xml:9:9-53
activity#com.example.multiuserwidget.MainActivity
ADDED from src\main\AndroidManifest.xml:11:9-18:20
	android:exported
		ADDED from src\main\AndroidManifest.xml:13:13-36
	android:name
		ADDED from src\main\AndroidManifest.xml:12:13-41
intent-filter#action:name:android.intent.action.MAIN+category:name:android.intent.category.LAUNCHER
ADDED from src\main\AndroidManifest.xml:14:13-17:29
action#android.intent.action.MAIN
ADDED from src\main\AndroidManifest.xml:15:17-69
	android:name
		ADDED from src\main\AndroidManifest.xml:15:25-66
category#android.intent.category.LAUNCHER
ADDED from src\main\AndroidManifest.xml:16:17-77
	android:name
		ADDED from src\main\AndroidManifest.xml:16:27-74
activity#com.example.multiuserwidget.WidgetConfigActivity
ADDED from src\main\AndroidManifest.xml:20:9-26:20
	android:exported
		ADDED from src\main\AndroidManifest.xml:22:13-36
	android:name
		ADDED from src\main\AndroidManifest.xml:21:13-49
intent-filter#action:name:android.appwidget.action.APPWIDGET_CONFIGURE
ADDED from src\main\AndroidManifest.xml:23:13-25:29
action#android.appwidget.action.APPWIDGET_CONFIGURE
ADDED from src\main\AndroidManifest.xml:24:17-87
	android:name
		ADDED from src\main\AndroidManifest.xml:24:25-84
receiver#com.example.multiuserwidget.ProviderHub4x1
ADDED from src\main\AndroidManifest.xml:29:9-32:20
	android:label
		ADDED from src\main\AndroidManifest.xml:29:50-79
	android:exported
		ADDED from src\main\AndroidManifest.xml:29:80-104
	android:name
		ADDED from src\main\AndroidManifest.xml:29:19-49
intent-filter#action:name:android.appwidget.action.APPWIDGET_UPDATE+action:name:com.example.multiuserwidget.ACTION_SWITCH_USER
ADDED from src\main\AndroidManifest.xml:30:13-183
action#android.appwidget.action.APPWIDGET_UPDATE
ADDED from src\main\AndroidManifest.xml:30:28-95
	android:name
		ADDED from src\main\AndroidManifest.xml:30:36-92
action#com.example.multiuserwidget.ACTION_SWITCH_USER
ADDED from src\main\AndroidManifest.xml:30:95-167
	android:name
		ADDED from src\main\AndroidManifest.xml:30:103-164
meta-data#android.appwidget.provider
ADDED from src\main\AndroidManifest.xml:31:13-101
	android:resource
		ADDED from src\main\AndroidManifest.xml:31:66-98
	android:name
		ADDED from src\main\AndroidManifest.xml:31:24-65
receiver#com.example.multiuserwidget.ProviderHub5x1
ADDED from src\main\AndroidManifest.xml:35:9-38:20
	android:label
		ADDED from src\main\AndroidManifest.xml:35:50-79
	android:exported
		ADDED from src\main\AndroidManifest.xml:35:80-104
	android:name
		ADDED from src\main\AndroidManifest.xml:35:19-49
receiver#com.example.multiuserwidget.ProviderHub4x2
ADDED from src\main\AndroidManifest.xml:41:9-44:20
	android:label
		ADDED from src\main\AndroidManifest.xml:41:50-80
	android:exported
		ADDED from src\main\AndroidManifest.xml:41:81-105
	android:name
		ADDED from src\main\AndroidManifest.xml:41:19-49
receiver#com.example.multiuserwidget.ProviderHub5x2
ADDED from src\main\AndroidManifest.xml:47:9-50:20
	android:label
		ADDED from src\main\AndroidManifest.xml:47:50-80
	android:exported
		ADDED from src\main\AndroidManifest.xml:47:81-105
	android:name
		ADDED from src\main\AndroidManifest.xml:47:19-49
receiver#com.example.multiuserwidget.ProviderHub5x1_Cyber
ADDED from src\main\AndroidManifest.xml:54:9-57:20
	android:label
		ADDED from src\main\AndroidManifest.xml:54:56-91
	android:exported
		ADDED from src\main\AndroidManifest.xml:54:92-116
	android:name
		ADDED from src\main\AndroidManifest.xml:54:19-55
receiver#com.example.multiuserwidget.ProviderHub5x1_Gold
ADDED from src\main\AndroidManifest.xml:59:9-62:20
	android:label
		ADDED from src\main\AndroidManifest.xml:59:55-89
	android:exported
		ADDED from src\main\AndroidManifest.xml:59:90-114
	android:name
		ADDED from src\main\AndroidManifest.xml:59:19-54
receiver#com.example.multiuserwidget.ProviderHub5x1_Bloom
ADDED from src\main\AndroidManifest.xml:64:9-67:20
	android:label
		ADDED from src\main\AndroidManifest.xml:64:56-91
	android:exported
		ADDED from src\main\AndroidManifest.xml:64:92-116
	android:name
		ADDED from src\main\AndroidManifest.xml:64:19-55
receiver#com.example.multiuserwidget.ProviderHub5x1_Eco
ADDED from src\main\AndroidManifest.xml:69:9-72:20
	android:label
		ADDED from src\main\AndroidManifest.xml:69:54-87
	android:exported
		ADDED from src\main\AndroidManifest.xml:69:88-112
	android:name
		ADDED from src\main\AndroidManifest.xml:69:19-53
receiver#com.example.multiuserwidget.ProviderHub5x1_Stealth
ADDED from src\main\AndroidManifest.xml:74:9-77:20
	android:label
		ADDED from src\main\AndroidManifest.xml:74:58-95
	android:exported
		ADDED from src\main\AndroidManifest.xml:74:96-120
	android:name
		ADDED from src\main\AndroidManifest.xml:74:19-57
receiver#com.example.multiuserwidget.ProviderObsidian1x1
ADDED from src\main\AndroidManifest.xml:81:9-84:20
	android:label
		ADDED from src\main\AndroidManifest.xml:81:55-85
	android:exported
		ADDED from src\main\AndroidManifest.xml:81:86-110
	android:name
		ADDED from src\main\AndroidManifest.xml:81:19-54
receiver#com.example.multiuserwidget.ProviderCharcoalWide
ADDED from src\main\AndroidManifest.xml:86:9-89:20
	android:label
		ADDED from src\main\AndroidManifest.xml:86:56-91
	android:exported
		ADDED from src\main\AndroidManifest.xml:86:92-116
	android:name
		ADDED from src\main\AndroidManifest.xml:86:19-55
receiver#com.example.multiuserwidget.ProviderFrostWide
ADDED from src\main\AndroidManifest.xml:91:9-94:20
	android:label
		ADDED from src\main\AndroidManifest.xml:91:53-85
	android:exported
		ADDED from src\main\AndroidManifest.xml:91:86-110
	android:name
		ADDED from src\main\AndroidManifest.xml:91:19-52
receiver#com.example.multiuserwidget.ProviderMidnightWide
ADDED from src\main\AndroidManifest.xml:96:9-99:20
	android:label
		ADDED from src\main\AndroidManifest.xml:96:56-91
	android:exported
		ADDED from src\main\AndroidManifest.xml:96:92-116
	android:name
		ADDED from src\main\AndroidManifest.xml:96:19-55
receiver#com.example.multiuserwidget.ProviderNeonBar
ADDED from src\main\AndroidManifest.xml:101:9-104:20
	android:label
		ADDED from src\main\AndroidManifest.xml:101:51-81
	android:exported
		ADDED from src\main\AndroidManifest.xml:101:82-106
	android:name
		ADDED from src\main\AndroidManifest.xml:101:19-50
receiver#com.example.multiuserwidget.ProviderNeonGrid
ADDED from src\main\AndroidManifest.xml:106:9-109:20
	android:label
		ADDED from src\main\AndroidManifest.xml:106:52-83
	android:exported
		ADDED from src\main\AndroidManifest.xml:106:84-108
	android:name
		ADDED from src\main\AndroidManifest.xml:106:19-51
receiver#com.example.multiuserwidget.ProviderNordicBlue
ADDED from src\main\AndroidManifest.xml:111:9-114:20
	android:label
		ADDED from src\main\AndroidManifest.xml:111:54-87
	android:exported
		ADDED from src\main\AndroidManifest.xml:111:88-112
	android:name
		ADDED from src\main\AndroidManifest.xml:111:19-53
receiver#com.example.multiuserwidget.ProviderNordicLarge
ADDED from src\main\AndroidManifest.xml:116:9-119:20
	android:label
		ADDED from src\main\AndroidManifest.xml:116:55-89
	android:exported
		ADDED from src\main\AndroidManifest.xml:116:90-114
	android:name
		ADDED from src\main\AndroidManifest.xml:116:19-54
receiver#com.example.multiuserwidget.ProviderSageGreen
ADDED from src\main\AndroidManifest.xml:121:9-124:20
	android:label
		ADDED from src\main\AndroidManifest.xml:121:53-85
	android:exported
		ADDED from src\main\AndroidManifest.xml:121:86-110
	android:name
		ADDED from src\main\AndroidManifest.xml:121:19-52
receiver#com.example.multiuserwidget.ProviderSageLarge
ADDED from src\main\AndroidManifest.xml:126:9-129:20
	android:label
		ADDED from src\main\AndroidManifest.xml:126:53-85
	android:exported
		ADDED from src\main\AndroidManifest.xml:126:86-110
	android:name
		ADDED from src\main\AndroidManifest.xml:126:19-52
receiver#com.example.multiuserwidget.ProviderMultiuserRibbon
ADDED from src\main\AndroidManifest.xml:131:9-134:20
	android:label
		ADDED from src\main\AndroidManifest.xml:131:59-92
	android:exported
		ADDED from src\main\AndroidManifest.xml:131:93-117
	android:name
		ADDED from src\main\AndroidManifest.xml:131:19-58
receiver#com.example.multiuserwidget.ProviderSmartExpand
ADDED from src\main\AndroidManifest.xml:136:9-139:20
	android:label
		ADDED from src\main\AndroidManifest.xml:136:55-89
	android:exported
		ADDED from src\main\AndroidManifest.xml:136:90-114
	android:name
		ADDED from src\main\AndroidManifest.xml:136:19-54
receiver#com.example.multiuserwidget.ProviderExtremeHub
ADDED from src\main\AndroidManifest.xml:141:9-144:20
	android:label
		ADDED from src\main\AndroidManifest.xml:141:54-87
	android:exported
		ADDED from src\main\AndroidManifest.xml:141:88-112
	android:name
		ADDED from src\main\AndroidManifest.xml:141:19-53
service#com.example.multiuserwidget.UserListService
ADDED from src\main\AndroidManifest.xml:146:9-134
	android:exported
		ADDED from src\main\AndroidManifest.xml:146:107-131
	android:permission
		ADDED from src\main\AndroidManifest.xml:146:50-106
	android:name
		ADDED from src\main\AndroidManifest.xml:146:18-49
uses-sdk
INJECTED from src\main\AndroidManifest.xml reason: use-sdk injection requested
INJECTED from src\main\AndroidManifest.xml
INJECTED from src\main\AndroidManifest.xml
MERGED from [com.google.android.material:material:1.12.0] AndroidManifest.xml:20:5-44
MERGED from [com.google.android.material:material:1.12.0] AndroidManifest.xml:20:5-44
MERGED from [androidx.constraintlayout:constraintlayout:2.1.4] AndroidManifest.xml:5:5-7:41
MERGED from [androidx.constraintlayout:constraintlayout:2.1.4] AndroidManifest.xml:5:5-7:41
MERGED from [androidx.appcompat:appcompat-resources:1.7.0] AndroidManifest.xml:5:5-44
MERGED from [androidx.appcompat:appcompat-resources:1.7.0] AndroidManifest.xml:5:5-44
MERGED from [androidx.appcompat:appcompat:1.7.0] AndroidManifest.xml:5:5-44
MERGED from [androidx.appcompat:appcompat:1.7.0] AndroidManifest.xml:5:5-44
MERGED from [androidx.viewpager2:viewpager2:1.0.0] AndroidManifest.xml:20:5-22:41
MERGED from [androidx.viewpager2:viewpager2:1.0.0] AndroidManifest.xml:20:5-22:41
MERGED from [androidx.fragment:fragment:1.5.4] AndroidManifest.xml:20:5-22:41
MERGED from [androidx.fragment:fragment:1.5.4] AndroidManifest.xml:20:5-22:41
MERGED from [androidx.activity:activity:1.8.0] AndroidManifest.xml:20:5-44
MERGED from [androidx.activity:activity:1.8.0] AndroidManifest.xml:20:5-44
MERGED from [androidx.core:core-ktx:1.13.1] AndroidManifest.xml:5:5-44
MERGED from [androidx.core:core-ktx:1.13.1] AndroidManifest.xml:5:5-44
MERGED from [androidx.emoji2:emoji2-views-helper:1.3.0] AndroidManifest.xml:5:5-44
MERGED from [androidx.emoji2:emoji2-views-helper:1.3.0] AndroidManifest.xml:5:5-44
MERGED from [androidx.emoji2:emoji2:1.3.0] AndroidManifest.xml:21:5-44
MERGED from [androidx.emoji2:emoji2:1.3.0] AndroidManifest.xml:21:5-44
MERGED from [androidx.drawerlayout:drawerlayout:1.1.1] AndroidManifest.xml:20:5-22:41
MERGED from [androidx.drawerlayout:drawerlayout:1.1.1] AndroidManifest.xml:20:5-22:41
MERGED from [androidx.coordinatorlayout:coordinatorlayout:1.1.0] AndroidManifest.xml:20:5-22:41
MERGED from [androidx.coordinatorlayout:coordinatorlayout:1.1.0] AndroidManifest.xml:20:5-22:41
MERGED from [androidx.transition:transition:1.5.0] AndroidManifest.xml:5:5-44
MERGED from [androidx.transition:transition:1.5.0] AndroidManifest.xml:5:5-44
MERGED from [androidx.dynamicanimation:dynamicanimation:1.0.0] AndroidManifest.xml:20:5-44
MERGED from [androidx.dynamicanimation:dynamicanimation:1.0.0] AndroidManifest.xml:20:5-44
MERGED from [androidx.vectordrawable:vectordrawable-animated:1.1.0] AndroidManifest.xml:20:5-22:41
MERGED from [androidx.vectordrawable:vectordrawable-animated:1.1.0] AndroidManifest.xml:20:5-22:41
MERGED from [androidx.vectordrawable:vectordrawable:1.1.0] AndroidManifest.xml:20:5-22:41
MERGED from [androidx.vectordrawable:vectordrawable:1.1.0] AndroidManifest.xml:20:5-22:41
MERGED from [androidx.legacy:legacy-support-core-utils:1.0.0] AndroidManifest.xml:20:5-44
MERGED from [androidx.legacy:legacy-support-core-utils:1.0.0] AndroidManifest.xml:20:5-44
MERGED from [androidx.loader:loader:1.0.0] AndroidManifest.xml:20:5-44
MERGED from [androidx.loader:loader:1.0.0] AndroidManifest.xml:20:5-44
MERGED from [androidx.viewpager:viewpager:1.0.0] AndroidManifest.xml:20:5-44
MERGED from [androidx.viewpager:viewpager:1.0.0] AndroidManifest.xml:20:5-44
MERGED from [androidx.recyclerview:recyclerview:1.1.0] AndroidManifest.xml:20:5-22:41
MERGED from [androidx.recyclerview:recyclerview:1.1.0] AndroidManifest.xml:20:5-22:41
MERGED from [androidx.customview:customview:1.1.0] AndroidManifest.xml:20:5-22:41
MERGED from [androidx.customview:customview:1.1.0] AndroidManifest.xml:20:5-22:41
MERGED from [androidx.core:core:1.13.1] AndroidManifest.xml:20:5-44
MERGED from [androidx.core:core:1.13.1] AndroidManifest.xml:20:5-44
MERGED from [androidx.lifecycle:lifecycle-livedata:2.6.2] AndroidManifest.xml:20:5-44
MERGED from [androidx.lifecycle:lifecycle-livedata:2.6.2] AndroidManifest.xml:20:5-44
MERGED from [androidx.lifecycle:lifecycle-viewmodel:2.6.2] AndroidManifest.xml:20:5-44
MERGED from [androidx.lifecycle:lifecycle-viewmodel:2.6.2] AndroidManifest.xml:20:5-44
MERGED from [androidx.lifecycle:lifecycle-process:2.6.2] AndroidManifest.xml:21:5-44
MERGED from [androidx.lifecycle:lifecycle-process:2.6.2] AndroidManifest.xml:21:5-44
MERGED from [androidx.lifecycle:lifecycle-livedata-core:2.6.2] AndroidManifest.xml:20:5-44
MERGED from [androidx.lifecycle:lifecycle-livedata-core:2.6.2] AndroidManifest.xml:20:5-44
MERGED from [androidx.lifecycle:lifecycle-runtime:2.6.2] AndroidManifest.xml:5:5-44
MERGED from [androidx.lifecycle:lifecycle-runtime:2.6.2] AndroidManifest.xml:5:5-44
MERGED from [androidx.lifecycle:lifecycle-viewmodel-savedstate:2.6.2] AndroidManifest.xml:20:5-44
MERGED from [androidx.lifecycle:lifecycle-viewmodel-savedstate:2.6.2] AndroidManifest.xml:20:5-44
MERGED from [androidx.savedstate:savedstate:1.2.1] AndroidManifest.xml:20:5-44
MERGED from [androidx.savedstate:savedstate:1.2.1] AndroidManifest.xml:20:5-44
MERGED from [androidx.annotation:annotation-experimental:1.4.0] AndroidManifest.xml:5:5-44
MERGED from [androidx.annotation:annotation-experimental:1.4.0] AndroidManifest.xml:5:5-44
MERGED from [androidx.cursoradapter:cursoradapter:1.0.0] AndroidManifest.xml:20:5-44
MERGED from [androidx.cursoradapter:cursoradapter:1.0.0] AndroidManifest.xml:20:5-44
MERGED from [androidx.profileinstaller:profileinstaller:1.3.1] AndroidManifest.xml:21:5-44
MERGED from [androidx.profileinstaller:profileinstaller:1.3.1] AndroidManifest.xml:21:5-44
MERGED from [androidx.cardview:cardview:1.0.0] AndroidManifest.xml:20:5-44
MERGED from [androidx.cardview:cardview:1.0.0] AndroidManifest.xml:20:5-44
MERGED from [androidx.interpolator:interpolator:1.0.0] AndroidManifest.xml:20:5-44
MERGED from [androidx.interpolator:interpolator:1.0.0] AndroidManifest.xml:20:5-44
MERGED from [androidx.versionedparcelable:versionedparcelable:1.1.1] AndroidManifest.xml:20:5-22:41
MERGED from [androidx.versionedparcelable:versionedparcelable:1.1.1] AndroidManifest.xml:20:5-22:41
MERGED from [androidx.startup:startup-runtime:1.1.1] AndroidManifest.xml:21:5-23:41
MERGED from [androidx.startup:startup-runtime:1.1.1] AndroidManifest.xml:21:5-23:41
MERGED from [androidx.tracing:tracing:1.0.0] AndroidManifest.xml:20:5-22:41
MERGED from [androidx.tracing:tracing:1.0.0] AndroidManifest.xml:20:5-22:41
MERGED from [androidx.arch.core:core-runtime:2.2.0] AndroidManifest.xml:20:5-44
MERGED from [androidx.arch.core:core-runtime:2.2.0] AndroidManifest.xml:20:5-44
MERGED from [androidx.documentfile:documentfile:1.0.0] AndroidManifest.xml:20:5-44
MERGED from [androidx.documentfile:documentfile:1.0.0] AndroidManifest.xml:20:5-44
MERGED from [androidx.localbroadcastmanager:localbroadcastmanager:1.0.0] AndroidManifest.xml:20:5-44
MERGED from [androidx.localbroadcastmanager:localbroadcastmanager:1.0.0] AndroidManifest.xml:20:5-44
MERGED from [androidx.print:print:1.0.0] AndroidManifest.xml:20:5-44
MERGED from [androidx.print:print:1.0.0] AndroidManifest.xml:20:5-44
	android:targetSdkVersion
		INJECTED from src\main\AndroidManifest.xml
	android:minSdkVersion
		INJECTED from src\main\AndroidManifest.xml
provider#androidx.startup.InitializationProvider
ADDED from [androidx.emoji2:emoji2:1.3.0] AndroidManifest.xml:24:9-32:20
MERGED from [androidx.lifecycle:lifecycle-process:2.6.2] AndroidManifest.xml:24:9-32:20
MERGED from [androidx.lifecycle:lifecycle-process:2.6.2] AndroidManifest.xml:24:9-32:20
MERGED from [androidx.profileinstaller:profileinstaller:1.3.1] AndroidManifest.xml:24:9-32:20
MERGED from [androidx.profileinstaller:profileinstaller:1.3.1] AndroidManifest.xml:24:9-32:20
MERGED from [androidx.startup:startup-runtime:1.1.1] AndroidManifest.xml:26:9-30:34
MERGED from [androidx.startup:startup-runtime:1.1.1] AndroidManifest.xml:26:9-30:34
	tools:node
		ADDED from [androidx.emoji2:emoji2:1.3.0] AndroidManifest.xml:28:13-31
	android:authorities
		ADDED from [androidx.emoji2:emoji2:1.3.0] AndroidManifest.xml:26:13-68
	android:exported
		ADDED from [androidx.emoji2:emoji2:1.3.0] AndroidManifest.xml:27:13-37
	android:name
		ADDED from [androidx.emoji2:emoji2:1.3.0] AndroidManifest.xml:25:13-67
meta-data#androidx.emoji2.text.EmojiCompatInitializer
ADDED from [androidx.emoji2:emoji2:1.3.0] AndroidManifest.xml:29:13-31:52
	android:value
		ADDED from [androidx.emoji2:emoji2:1.3.0] AndroidManifest.xml:31:17-49
	android:name
		ADDED from [androidx.emoji2:emoji2:1.3.0] AndroidManifest.xml:30:17-75
permission#${applicationId}.DYNAMIC_RECEIVER_NOT_EXPORTED_PERMISSION
ADDED from [androidx.core:core:1.13.1] AndroidManifest.xml:22:5-24:47
	android:protectionLevel
		ADDED from [androidx.core:core:1.13.1] AndroidManifest.xml:24:9-44
	android:name
		ADDED from [androidx.core:core:1.13.1] AndroidManifest.xml:23:9-81
permission#com.example.multiuserwidget.DYNAMIC_RECEIVER_NOT_EXPORTED_PERMISSION
ADDED from [androidx.core:core:1.13.1] AndroidManifest.xml:22:5-24:47
	android:protectionLevel
		ADDED from [androidx.core:core:1.13.1] AndroidManifest.xml:24:9-44
	android:name
		ADDED from [androidx.core:core:1.13.1] AndroidManifest.xml:23:9-81
uses-permission#${applicationId}.DYNAMIC_RECEIVER_NOT_EXPORTED_PERMISSION
ADDED from [androidx.core:core:1.13.1] AndroidManifest.xml:26:5-97
	android:name
		ADDED from [androidx.core:core:1.13.1] AndroidManifest.xml:26:22-94
uses-permission#com.example.multiuserwidget.DYNAMIC_RECEIVER_NOT_EXPORTED_PERMISSION
ADDED from [androidx.core:core:1.13.1] AndroidManifest.xml:26:5-97
	android:name
		ADDED from [androidx.core:core:1.13.1] AndroidManifest.xml:26:22-94
meta-data#androidx.lifecycle.ProcessLifecycleInitializer
ADDED from [androidx.lifecycle:lifecycle-process:2.6.2] AndroidManifest.xml:29:13-31:52
	android:value
		ADDED from [androidx.lifecycle:lifecycle-process:2.6.2] AndroidManifest.xml:31:17-49
	android:name
		ADDED from [androidx.lifecycle:lifecycle-process:2.6.2] AndroidManifest.xml:30:17-78
meta-data#androidx.profileinstaller.ProfileInstallerInitializer
ADDED from [androidx.profileinstaller:profileinstaller:1.3.1] AndroidManifest.xml:29:13-31:52
	android:value
		ADDED from [androidx.profileinstaller:profileinstaller:1.3.1] AndroidManifest.xml:31:17-49
	android:name
		ADDED from [androidx.profileinstaller:profileinstaller:1.3.1] AndroidManifest.xml:30:17-85
receiver#androidx.profileinstaller.ProfileInstallReceiver
ADDED from [androidx.profileinstaller:profileinstaller:1.3.1] AndroidManifest.xml:34:9-52:20
	android:enabled
		ADDED from [androidx.profileinstaller:profileinstaller:1.3.1] AndroidManifest.xml:37:13-35
	android:exported
		ADDED from [androidx.profileinstaller:profileinstaller:1.3.1] AndroidManifest.xml:38:13-36
	android:permission
		ADDED from [androidx.profileinstaller:profileinstaller:1.3.1] AndroidManifest.xml:39:13-57
	android:directBootAware
		ADDED from [androidx.profileinstaller:profileinstaller:1.3.1] AndroidManifest.xml:36:13-44
	android:name
		ADDED from [androidx.profileinstaller:profileinstaller:1.3.1] AndroidManifest.xml:35:13-76
intent-filter#action:name:androidx.profileinstaller.action.INSTALL_PROFILE
ADDED from [androidx.profileinstaller:profileinstaller:1.3.1] AndroidManifest.xml:40:13-42:29
action#androidx.profileinstaller.action.INSTALL_PROFILE
ADDED from [androidx.profileinstaller:profileinstaller:1.3.1] AndroidManifest.xml:41:17-91
	android:name
		ADDED from [androidx.profileinstaller:profileinstaller:1.3.1] AndroidManifest.xml:41:25-88
intent-filter#action:name:androidx.profileinstaller.action.SKIP_FILE
ADDED from [androidx.profileinstaller:profileinstaller:1.3.1] AndroidManifest.xml:43:13-45:29
action#androidx.profileinstaller.action.SKIP_FILE
ADDED from [androidx.profileinstaller:profileinstaller:1.3.1] AndroidManifest.xml:44:17-85
	android:name
		ADDED from [androidx.profileinstaller:profileinstaller:1.3.1] AndroidManifest.xml:44:25-82
intent-filter#action:name:androidx.profileinstaller.action.SAVE_PROFILE
ADDED from [androidx.profileinstaller:profileinstaller:1.3.1] AndroidManifest.xml:46:13-48:29
action#androidx.profileinstaller.action.SAVE_PROFILE
ADDED from [androidx.profileinstaller:profileinstaller:1.3.1] AndroidManifest.xml:47:17-88
	android:name
		ADDED from [androidx.profileinstaller:profileinstaller:1.3.1] AndroidManifest.xml:47:25-85
intent-filter#action:name:androidx.profileinstaller.action.BENCHMARK_OPERATION
ADDED from [androidx.profileinstaller:profileinstaller:1.3.1] AndroidManifest.xml:49:13-51:29
action#androidx.profileinstaller.action.BENCHMARK_OPERATION
ADDED from [androidx.profileinstaller:profileinstaller:1.3.1] AndroidManifest.xml:50:17-95
	android:name
		ADDED from [androidx.profileinstaller:profileinstaller:1.3.1] AndroidManifest.xml:50:25-92